mode: atomic
github.com/mendersoftware/go-lib-micro/mongo/migrate/migrator_dummy.go:35.98,39.16 3 4
github.com/mendersoftware/go-lib-micro/mongo/migrate/migrator_dummy.go:43.2,43.22 1 4
github.com/mendersoftware/go-lib-micro/mongo/migrate/migrator_dummy.go:47.2,48.23 2 4
github.com/mendersoftware/go-lib-micro/mongo/migrate/migrator_dummy.go:52.2,52.20 1 4
github.com/mendersoftware/go-lib-micro/mongo/migrate/migrator_dummy.go:60.2,60.33 1 2
github.com/mendersoftware/go-lib-micro/mongo/migrate/migrator_dummy.go:67.2,67.12 1 1
github.com/mendersoftware/go-lib-micro/mongo/migrate/migrator_dummy.go:39.16,41.3 1 0
github.com/mendersoftware/go-lib-micro/mongo/migrate/migrator_dummy.go:43.22,45.3 1 0
github.com/mendersoftware/go-lib-micro/mongo/migrate/migrator_dummy.go:48.23,50.3 1 2
github.com/mendersoftware/go-lib-micro/mongo/migrate/migrator_dummy.go:52.20,53.34 1 2
github.com/mendersoftware/go-lib-micro/mongo/migrate/migrator_dummy.go:53.34,55.4 1 1
github.com/mendersoftware/go-lib-micro/mongo/migrate/migrator_dummy.go:55.9,57.4 1 1
github.com/mendersoftware/go-lib-micro/mongo/migrate/migrator_dummy.go:60.33,63.3 2 1
github.com/mendersoftware/go-lib-micro/mongo/migrate/migrator_dummy.go:63.8,65.3 1 1
github.com/mendersoftware/go-lib-micro/mongo/migrate/migrator_simple.go:32.40,34.2 1 1
github.com/mendersoftware/go-lib-micro/mongo/migrate/migrator_simple.go:59.99,62.49 2 9
github.com/mendersoftware/go-lib-micro/mongo/migrate/migrator_simple.go:66.2,67.16 2 9
github.com/mendersoftware/go-lib-micro/mongo/migrate/migrator_simple.go:72.2,74.23 2 9
github.com/mendersoftware/go-lib-micro/mongo/migrate/migrator_simple.go:85.2,85.20 1 9
github.com/mendersoftware/go-lib-micro/mongo/migrate/migrator_simple.go:94.2,94.39 1 6
github.com/mendersoftware/go-lib-micro/mongo/migrate/migrator_simple.go:130.2,130.33 1 5
github.com/mendersoftware/go-lib-micro/mongo/migrate/migrator_simple.go:143.2,143.12 1 5
github.com/mendersoftware/go-lib-micro/mongo/migrate/migrator_simple.go:62.49,64.3 1 6
github.com/mendersoftware/go-lib-micro/mongo/migrate/migrator_simple.go:67.16,69.3 1 0
github.com/mendersoftware/go-lib-micro/mongo/migrate/migrator_simple.go:74.23,76.47 1 7
github.com/mendersoftware/go-lib-micro/mongo/migrate/migrator_simple.go:80.3,80.41 1 7
github.com/mendersoftware/go-lib-micro/mongo/migrate/migrator_simple.go:76.47,78.4 1 2
github.com/mendersoftware/go-lib-micro/mongo/migrate/migrator_simple.go:85.20,86.34 1 3
github.com/mendersoftware/go-lib-micro/mongo/migrate/migrator_simple.go:86.34,88.4 1 2
github.com/mendersoftware/go-lib-micro/mongo/migrate/migrator_simple.go:88.9,90.4 1 1
github.com/mendersoftware/go-lib-micro/mongo/migrate/migrator_simple.go:94.39,96.32 2 7
github.com/mendersoftware/go-lib-micro/mongo/migrate/migrator_simple.go:96.32,99.4 1 2
github.com/mendersoftware/go-lib-micro/mongo/migrate/migrator_simple.go:99.9,99.37 1 5
github.com/mendersoftware/go-lib-micro/mongo/migrate/migrator_simple.go:99.37,105.45 2 4
github.com/mendersoftware/go-lib-micro/mongo/migrate/migrator_simple.go:115.4,115.67 1 3
github.com/mendersoftware/go-lib-micro/mongo/migrate/migrator_simple.go:122.4,122.13 1 3
github.com/mendersoftware/go-lib-micro/mongo/migrate/migrator_simple.go:105.45,113.5 2 1
github.com/mendersoftware/go-lib-micro/mongo/migrate/migrator_simple.go:115.67,121.5 1 0
github.com/mendersoftware/go-lib-micro/mongo/migrate/migrator_simple.go:123.9,126.4 1 1
github.com/mendersoftware/go-lib-micro/mongo/migrate/migrator_simple.go:130.33,134.70 2 3
github.com/mendersoftware/go-lib-micro/mongo/migrate/migrator_simple.go:134.70,138.4 1 0
github.com/mendersoftware/go-lib-micro/mongo/migrate/migrator_simple.go:139.8,141.3 1 2
github.com/mendersoftware/go-lib-micro/mongo/migrate/version.go:28.45,33.16 3 3
github.com/mendersoftware/go-lib-micro/mongo/migrate/version.go:39.2,39.60 1 1
github.com/mendersoftware/go-lib-micro/mongo/migrate/version.go:33.16,35.3 1 2
github.com/mendersoftware/go-lib-micro/mongo/migrate/version.go:35.8,35.19 1 1
github.com/mendersoftware/go-lib-micro/mongo/migrate/version.go:35.19,37.3 1 0
github.com/mendersoftware/go-lib-micro/mongo/migrate/version.go:42.58,44.2 1 45
github.com/mendersoftware/go-lib-micro/mongo/migrate/version.go:46.34,48.2 1 44
github.com/mendersoftware/go-lib-micro/mongo/migrate/version.go:50.54,51.30 1 44
github.com/mendersoftware/go-lib-micro/mongo/migrate/version.go:62.2,62.14 1 27
github.com/mendersoftware/go-lib-micro/mongo/migrate/version.go:51.30,53.3 1 6
github.com/mendersoftware/go-lib-micro/mongo/migrate/version.go:53.8,53.38 1 38
github.com/mendersoftware/go-lib-micro/mongo/migrate/version.go:53.38,54.31 1 37
github.com/mendersoftware/go-lib-micro/mongo/migrate/version.go:54.31,56.4 1 6
github.com/mendersoftware/go-lib-micro/mongo/migrate/version.go:56.9,56.39 1 31
github.com/mendersoftware/go-lib-micro/mongo/migrate/version.go:56.39,57.32 1 21
github.com/mendersoftware/go-lib-micro/mongo/migrate/version.go:57.32,59.5 1 5
github.com/mendersoftware/go-lib-micro/mongo/migrate/db.go:35.79,43.16 6 13
github.com/mendersoftware/go-lib-micro/mongo/migrate/db.go:47.2,47.18 1 13
github.com/mendersoftware/go-lib-micro/mongo/migrate/db.go:43.16,45.3 1 0
github.com/mendersoftware/go-lib-micro/mongo/migrate/db.go:51.79,62.16 6 7
github.com/mendersoftware/go-lib-micro/mongo/migrate/db.go:66.2,66.12 1 7
github.com/mendersoftware/go-lib-micro/mongo/migrate/db.go:62.16,64.3 1 0
github.com/mendersoftware/go-lib-micro/mongo/migrate/db.go:69.89,74.16 4 3
github.com/mendersoftware/go-lib-micro/mongo/migrate/db.go:78.2,79.25 2 3
github.com/mendersoftware/go-lib-micro/mongo/migrate/db.go:85.2,85.23 1 3
github.com/mendersoftware/go-lib-micro/mongo/migrate/db.go:74.16,76.3 1 0
github.com/mendersoftware/go-lib-micro/mongo/migrate/db.go:79.25,80.18 1 13
github.com/mendersoftware/go-lib-micro/mongo/migrate/db.go:80.18,82.4 1 4
